<?xml version="1.0" encoding="UTF-8"?>
<coverage generated="1522361843222" clover="3.2.0">
  <project timestamp="1522361843223" name="All files">
    <metrics statements="147" coveredstatements="141" conditionals="52" coveredconditionals="49" methods="43" coveredmethods="43" elements="242" coveredelements="233" complexity="0" loc="147" ncloc="147" packages="2" files="9" classes="9">
      <package name="src">
        <metrics statements="59" coveredstatements="55" conditionals="17" coveredconditionals="16" methods="7" coveredmethods="7"/>
        <file name="constants.js" path="/Users/jaredboice2/Documents/development/repos/list-runner/src/constants.js">
          <metrics statements="4" coveredstatements="4" conditionals="0" coveredconditionals="0" methods="0" coveredmethods="0"/>
          <line num="1" count="2" type="stmt"/>
          <line num="2" count="2" type="stmt"/>
          <line num="3" count="2" type="stmt"/>
          <line num="4" count="2" type="stmt"/>
        </file>
        <file name="index.js" path="/Users/jaredboice2/Documents/development/repos/list-runner/src/index.js">
          <metrics statements="2" coveredstatements="0" conditionals="0" coveredconditionals="0" methods="0" coveredmethods="0"/>
          <line num="1" count="0" type="stmt"/>
          <line num="10" count="0" type="stmt"/>
        </file>
        <file name="sidekick.js" path="/Users/jaredboice2/Documents/development/repos/list-runner/src/sidekick.js">
          <metrics statements="53" coveredstatements="51" conditionals="17" coveredconditionals="16" methods="7" coveredmethods="7"/>
          <line num="12" count="2" type="cond" truecount="0" falsecount="1"/>
          <line num="14" count="65" type="cond" truecount="2" falsecount="0"/>
          <line num="16" count="40" type="stmt"/>
          <line num="17" count="40" type="stmt"/>
          <line num="19" count="25" type="stmt"/>
          <line num="20" count="25" type="stmt"/>
          <line num="22" count="65" type="stmt"/>
          <line num="23" count="65" type="stmt"/>
          <line num="24" count="65" type="stmt"/>
          <line num="34" count="2" type="stmt"/>
          <line num="35" count="2" type="stmt"/>
          <line num="36" count="2" type="stmt"/>
          <line num="37" count="2" type="stmt"/>
          <line num="38" count="8" type="stmt"/>
          <line num="39" count="8" type="cond" truecount="2" falsecount="0"/>
          <line num="40" count="6" type="stmt"/>
          <line num="42" count="0" type="stmt"/>
          <line num="52" count="2" type="stmt"/>
          <line num="53" count="1" type="stmt"/>
          <line num="54" count="1" type="stmt"/>
          <line num="55" count="1" type="stmt"/>
          <line num="56" count="4" type="stmt"/>
          <line num="57" count="4" type="cond" truecount="2" falsecount="0"/>
          <line num="58" count="3" type="stmt"/>
          <line num="60" count="0" type="stmt"/>
          <line num="71" count="2" type="stmt"/>
          <line num="72" count="4" type="stmt"/>
          <line num="73" count="4" type="stmt"/>
          <line num="74" count="4" type="stmt"/>
          <line num="75" count="18" type="stmt"/>
          <line num="76" count="18" type="stmt"/>
          <line num="78" count="4" type="stmt"/>
          <line num="89" count="2" type="stmt"/>
          <line num="90" count="2" type="stmt"/>
          <line num="91" count="2" type="stmt"/>
          <line num="92" count="2" type="stmt"/>
          <line num="93" count="8" type="stmt"/>
          <line num="94" count="8" type="stmt"/>
          <line num="96" count="2" type="stmt"/>
          <line num="105" count="2" type="stmt"/>
          <line num="106" count="2" type="stmt"/>
          <line num="107" count="2" type="stmt"/>
          <line num="108" count="2" type="stmt"/>
          <line num="109" count="10" type="stmt"/>
          <line num="110" count="10" type="stmt"/>
          <line num="113" count="2" type="stmt"/>
          <line num="122" count="2" type="stmt"/>
          <line num="123" count="1" type="stmt"/>
          <line num="124" count="1" type="stmt"/>
          <line num="125" count="1" type="stmt"/>
          <line num="126" count="5" type="stmt"/>
          <line num="127" count="5" type="stmt"/>
          <line num="130" count="1" type="stmt"/>
        </file>
      </package>
      <package name="src.classes">
        <metrics statements="88" coveredstatements="86" conditionals="35" coveredconditionals="33" methods="36" coveredmethods="36"/>
        <file name="CellDoubly.js" path="/Users/jaredboice2/Documents/development/repos/list-runner/src/classes/CellDoubly.js">
          <metrics statements="4" coveredstatements="4" conditionals="3" coveredconditionals="3" methods="3" coveredmethods="3"/>
          <line num="6" count="133" type="stmt"/>
          <line num="7" count="133" type="stmt"/>
          <line num="10" count="30" type="stmt"/>
          <line num="14" count="136" type="stmt"/>
        </file>
        <file name="CellSingly.js" path="/Users/jaredboice2/Documents/development/repos/list-runner/src/classes/CellSingly.js">
          <metrics statements="4" coveredstatements="4" conditionals="2" coveredconditionals="2" methods="3" coveredmethods="3"/>
          <line num="5" count="347" type="stmt"/>
          <line num="6" count="347" type="stmt"/>
          <line num="10" count="142" type="stmt"/>
          <line num="13" count="448" type="stmt"/>
        </file>
        <file name="SentinelDoubly.js" path="/Users/jaredboice2/Documents/development/repos/list-runner/src/classes/SentinelDoubly.js">
          <metrics statements="4" coveredstatements="4" conditionals="3" coveredconditionals="3" methods="3" coveredmethods="3"/>
          <line num="6" count="51" type="stmt"/>
          <line num="7" count="51" type="stmt"/>
          <line num="10" count="29" type="stmt"/>
          <line num="13" count="56" type="stmt"/>
        </file>
        <file name="SentinelSingly.js" path="/Users/jaredboice2/Documents/development/repos/list-runner/src/classes/SentinelSingly.js">
          <metrics statements="4" coveredstatements="4" conditionals="2" coveredconditionals="2" methods="3" coveredmethods="3"/>
          <line num="5" count="133" type="stmt"/>
          <line num="6" count="133" type="stmt"/>
          <line num="9" count="92" type="stmt"/>
          <line num="12" count="16" type="stmt"/>
        </file>
        <file name="StemDoubly.js" path="/Users/jaredboice2/Documents/development/repos/list-runner/src/classes/StemDoubly.js">
          <metrics statements="40" coveredstatements="39" conditionals="10" coveredconditionals="9" methods="13" coveredmethods="13"/>
          <line num="14" count="25" type="stmt"/>
          <line num="15" count="25" type="stmt"/>
          <line num="16" count="25" type="stmt"/>
          <line num="17" count="25" type="stmt"/>
          <line num="22" count="26" type="stmt"/>
          <line num="32" count="25" type="stmt"/>
          <line num="33" count="100" type="stmt"/>
          <line num="35" count="25" type="stmt"/>
          <line num="36" count="100" type="stmt"/>
          <line num="38" count="25" type="stmt"/>
          <line num="39" count="25" type="stmt"/>
          <line num="40" count="25" type="stmt"/>
          <line num="45" count="6" type="stmt"/>
          <line num="46" count="6" type="stmt"/>
          <line num="51" count="4" type="stmt"/>
          <line num="64" count="5" type="cond" truecount="2" falsecount="0"/>
          <line num="65" count="1" type="stmt"/>
          <line num="67" count="4" type="stmt"/>
          <line num="68" count="4" type="stmt"/>
          <line num="79" count="6" type="stmt"/>
          <line num="80" count="6" type="cond" truecount="2" falsecount="0"/>
          <line num="81" count="2" type="stmt"/>
          <line num="84" count="4" type="stmt"/>
          <line num="85" count="4" type="stmt"/>
          <line num="96" count="1" type="stmt"/>
          <line num="106" count="1" type="stmt"/>
          <line num="117" count="1" type="stmt"/>
          <line num="127" count="1" type="stmt"/>
          <line num="139" count="3" type="stmt"/>
          <line num="141" count="3" type="cond" truecount="2" falsecount="0"/>
          <line num="142" count="1" type="stmt"/>
          <line num="144" count="2" type="stmt"/>
          <line num="145" count="2" type="stmt"/>
          <line num="156" count="1" type="cond" truecount="3" falsecount="1"/>
          <line num="157" count="0" type="stmt"/>
          <line num="159" count="1" type="stmt"/>
          <line num="160" count="1" type="stmt"/>
          <line num="161" count="1" type="stmt"/>
          <line num="162" count="1" type="stmt"/>
          <line num="163" count="1" type="stmt"/>
        </file>
        <file name="StemSingly.js" path="/Users/jaredboice2/Documents/development/repos/list-runner/src/classes/StemSingly.js">
          <metrics statements="32" coveredstatements="31" conditionals="15" coveredconditionals="14" methods="11" coveredmethods="11"/>
          <line num="12" count="65" type="stmt"/>
          <line num="13" count="65" type="stmt"/>
          <line num="14" count="65" type="stmt"/>
          <line num="19" count="52" type="stmt"/>
          <line num="29" count="40" type="stmt"/>
          <line num="30" count="160" type="stmt"/>
          <line num="32" count="40" type="stmt"/>
          <line num="33" count="40" type="stmt"/>
          <line num="38" count="18" type="stmt"/>
          <line num="39" count="18" type="stmt"/>
          <line num="44" count="10" type="stmt"/>
          <line num="57" count="13" type="cond" truecount="2" falsecount="0"/>
          <line num="58" count="3" type="stmt"/>
          <line num="60" count="10" type="stmt"/>
          <line num="61" count="10" type="stmt"/>
          <line num="72" count="16" type="cond" truecount="4" falsecount="0"/>
          <line num="73" count="6" type="stmt"/>
          <line num="75" count="10" type="stmt"/>
          <line num="76" count="10" type="stmt"/>
          <line num="77" count="10" type="stmt"/>
          <line num="88" count="2" type="stmt"/>
          <line num="98" count="2" type="stmt"/>
          <line num="111" count="12" type="cond" truecount="4" falsecount="0"/>
          <line num="112" count="4" type="stmt"/>
          <line num="114" count="8" type="stmt"/>
          <line num="115" count="8" type="stmt"/>
          <line num="126" count="2" type="cond" truecount="3" falsecount="1"/>
          <line num="127" count="0" type="stmt"/>
          <line num="129" count="2" type="stmt"/>
          <line num="130" count="2" type="stmt"/>
          <line num="131" count="2" type="stmt"/>
          <line num="132" count="2" type="stmt"/>
        </file>
      </package>
    </metrics>
  </project>
</coverage>
