{"/Users/jaredboice2/Documents/development/repos/list-runner/src/constants.js": {"path":"/Users/jaredboice2/Documents/development/repos/list-runner/src/constants.js","statementMap":{"0":{"start":{"line":1,"column":24},"end":{"line":1,"column":34}},"1":{"start":{"line":2,"column":20},"end":{"line":2,"column":26}},"2":{"start":{"line":3,"column":22},"end":{"line":3,"column":30}},"3":{"start":{"line":4,"column":22},"end":{"line":4,"column":30}}},"fnMap":{},"branchMap":{},"s":{"0":2,"1":2,"2":2,"3":2},"f":{},"b":{},"_coverageSchema":"332fd63041d2c1bcb487cc26dd0d5f7d97098a6c","hash":"a35e08d09ef39dc59e7388b39875d016a0abd1bc"}
,"/Users/jaredboice2/Documents/development/repos/list-runner/src/index.js": {"path":"/Users/jaredboice2/Documents/development/repos/list-runner/src/index.js","statementMap":{"0":{"start":{"line":1,"column":0},"end":{"line":null,"column":-1}},"1":{"start":{"line":10,"column":0},"end":{"line":null,"column":-1}}},"fnMap":{},"branchMap":{},"s":{"0":0,"1":0},"f":{},"b":{}}
,"/Users/jaredboice2/Documents/development/repos/list-runner/src/sidekick.js": {"path":"/Users/jaredboice2/Documents/development/repos/list-runner/src/sidekick.js","statementMap":{"0":{"start":{"line":12,"column":30},"end":{"line":25,"column":1}},"1":{"start":{"line":14,"column":4},"end":{"line":21,"column":5}},"2":{"start":{"line":16,"column":12},"end":{"line":16,"column":30}},"3":{"start":{"line":17,"column":12},"end":{"line":17,"column":18}},"4":{"start":{"line":19,"column":12},"end":{"line":19,"column":30}},"5":{"start":{"line":20,"column":12},"end":{"line":20,"column":18}},"6":{"start":{"line":22,"column":26},"end":{"line":22,"column":44}},"7":{"start":{"line":23,"column":4},"end":{"line":23,"column":35}},"8":{"start":{"line":24,"column":4},"end":{"line":24,"column":25}},"9":{"start":{"line":34,"column":27},"end":{"line":43,"column":1}},"10":{"start":{"line":35,"column":20},"end":{"line":35,"column":25}},"11":{"start":{"line":36,"column":15},"end":{"line":36,"column":23}},"12":{"start":{"line":37,"column":4},"end":{"line":41,"column":36}},"13":{"start":{"line":38,"column":8},"end":{"line":38,"column":37}},"14":{"start":{"line":39,"column":8},"end":{"line":39,"column":34}},"15":{"start":{"line":39,"column":22},"end":{"line":39,"column":34}},"16":{"start":{"line":40,"column":8},"end":{"line":40,"column":30}},"17":{"start":{"line":42,"column":4},"end":{"line":42,"column":17}},"18":{"start":{"line":52,"column":28},"end":{"line":61,"column":1}},"19":{"start":{"line":53,"column":20},"end":{"line":53,"column":25}},"20":{"start":{"line":54,"column":15},"end":{"line":54,"column":23}},"21":{"start":{"line":55,"column":4},"end":{"line":59,"column":36}},"22":{"start":{"line":56,"column":8},"end":{"line":56,"column":37}},"23":{"start":{"line":57,"column":8},"end":{"line":57,"column":34}},"24":{"start":{"line":57,"column":22},"end":{"line":57,"column":34}},"25":{"start":{"line":58,"column":8},"end":{"line":58,"column":30}},"26":{"start":{"line":60,"column":4},"end":{"line":60,"column":17}},"27":{"start":{"line":71,"column":27},"end":{"line":79,"column":1}},"28":{"start":{"line":72,"column":15},"end":{"line":72,"column":23}},"29":{"start":{"line":73,"column":23},"end":{"line":73,"column":27}},"30":{"start":{"line":74,"column":4},"end":{"line":77,"column":70}},"31":{"start":{"line":75,"column":8},"end":{"line":75,"column":54}},"32":{"start":{"line":76,"column":8},"end":{"line":76,"column":30}},"33":{"start":{"line":78,"column":4},"end":{"line":78,"column":16}},"34":{"start":{"line":89,"column":28},"end":{"line":97,"column":1}},"35":{"start":{"line":90,"column":15},"end":{"line":90,"column":23}},"36":{"start":{"line":91,"column":23},"end":{"line":91,"column":27}},"37":{"start":{"line":92,"column":4},"end":{"line":95,"column":70}},"38":{"start":{"line":93,"column":8},"end":{"line":93,"column":54}},"39":{"start":{"line":94,"column":8},"end":{"line":94,"column":30}},"40":{"start":{"line":96,"column":4},"end":{"line":96,"column":16}},"41":{"start":{"line":105,"column":28},"end":{"line":114,"column":1}},"42":{"start":{"line":106,"column":16},"end":{"line":106,"column":17}},"43":{"start":{"line":107,"column":19},"end":{"line":107,"column":27}},"44":{"start":{"line":108,"column":4},"end":{"line":112,"column":58}},"45":{"start":{"line":109,"column":8},"end":{"line":109,"column":16}},"46":{"start":{"line":110,"column":8},"end":{"line":110,"column":38}},"47":{"start":{"line":113,"column":4},"end":{"line":113,"column":17}},"48":{"start":{"line":122,"column":29},"end":{"line":131,"column":1}},"49":{"start":{"line":123,"column":16},"end":{"line":123,"column":17}},"50":{"start":{"line":124,"column":19},"end":{"line":124,"column":27}},"51":{"start":{"line":125,"column":4},"end":{"line":129,"column":58}},"52":{"start":{"line":126,"column":8},"end":{"line":126,"column":16}},"53":{"start":{"line":127,"column":8},"end":{"line":127,"column":38}},"54":{"start":{"line":130,"column":4},"end":{"line":130,"column":17}}},"fnMap":{"0":{"name":"(anonymous_0)","decl":{"start":{"line":12,"column":30},"end":{"line":12,"column":31}},"loc":{"start":{"line":12,"column":65},"end":{"line":25,"column":1}},"line":12},"1":{"name":"(anonymous_1)","decl":{"start":{"line":34,"column":27},"end":{"line":34,"column":28}},"loc":{"start":{"line":34,"column":53},"end":{"line":43,"column":1}},"line":34},"2":{"name":"(anonymous_2)","decl":{"start":{"line":52,"column":28},"end":{"line":52,"column":29}},"loc":{"start":{"line":52,"column":54},"end":{"line":61,"column":1}},"line":52},"3":{"name":"(anonymous_3)","decl":{"start":{"line":71,"column":27},"end":{"line":71,"column":28}},"loc":{"start":{"line":71,"column":67},"end":{"line":79,"column":1}},"line":71},"4":{"name":"(anonymous_4)","decl":{"start":{"line":89,"column":28},"end":{"line":89,"column":29}},"loc":{"start":{"line":89,"column":68},"end":{"line":97,"column":1}},"line":89},"5":{"name":"(anonymous_5)","decl":{"start":{"line":105,"column":28},"end":{"line":105,"column":29}},"loc":{"start":{"line":105,"column":42},"end":{"line":114,"column":1}},"line":105},"6":{"name":"(anonymous_6)","decl":{"start":{"line":122,"column":29},"end":{"line":122,"column":30}},"loc":{"start":{"line":122,"column":43},"end":{"line":131,"column":1}},"line":122}},"branchMap":{"0":{"loc":{"start":{"line":12,"column":38},"end":{"line":12,"column":60}},"type":"default-arg","locations":[{"start":{"line":12,"column":54},"end":{"line":12,"column":60}}],"line":12},"1":{"loc":{"start":{"line":14,"column":4},"end":{"line":21,"column":5}},"type":"switch","locations":[{"start":{"line":15,"column":8},"end":{"line":17,"column":18}},{"start":{"line":18,"column":8},"end":{"line":20,"column":18}}],"line":14},"2":{"loc":{"start":{"line":39,"column":8},"end":{"line":39,"column":34}},"type":"if","locations":[{"start":{"line":39,"column":8},"end":{"line":39,"column":34}},{"start":{"line":39,"column":8},"end":{"line":39,"column":34}}],"line":39},"3":{"loc":{"start":{"line":57,"column":8},"end":{"line":57,"column":34}},"type":"if","locations":[{"start":{"line":57,"column":8},"end":{"line":57,"column":34}},{"start":{"line":57,"column":8},"end":{"line":57,"column":34}}],"line":57},"4":{"loc":{"start":{"line":77,"column":12},"end":{"line":77,"column":68}},"type":"binary-expr","locations":[{"start":{"line":77,"column":12},"end":{"line":77,"column":24}},{"start":{"line":77,"column":28},"end":{"line":77,"column":50}},{"start":{"line":77,"column":55},"end":{"line":77,"column":68}}],"line":77},"5":{"loc":{"start":{"line":95,"column":12},"end":{"line":95,"column":68}},"type":"binary-expr","locations":[{"start":{"line":95,"column":12},"end":{"line":95,"column":24}},{"start":{"line":95,"column":28},"end":{"line":95,"column":50}},{"start":{"line":95,"column":55},"end":{"line":95,"column":68}}],"line":95},"6":{"loc":{"start":{"line":112,"column":10},"end":{"line":112,"column":56}},"type":"binary-expr","locations":[{"start":{"line":112,"column":10},"end":{"line":112,"column":26}},{"start":{"line":112,"column":30},"end":{"line":112,"column":56}}],"line":112},"7":{"loc":{"start":{"line":129,"column":10},"end":{"line":129,"column":56}},"type":"binary-expr","locations":[{"start":{"line":129,"column":10},"end":{"line":129,"column":26}},{"start":{"line":129,"column":30},"end":{"line":129,"column":56}}],"line":129}},"s":{"0":2,"1":65,"2":40,"3":40,"4":25,"5":25,"6":65,"7":65,"8":65,"9":2,"10":2,"11":2,"12":2,"13":8,"14":8,"15":2,"16":6,"17":0,"18":2,"19":1,"20":1,"21":1,"22":4,"23":4,"24":1,"25":3,"26":0,"27":2,"28":4,"29":4,"30":4,"31":18,"32":18,"33":4,"34":2,"35":2,"36":2,"37":2,"38":8,"39":8,"40":2,"41":2,"42":2,"43":2,"44":2,"45":10,"46":10,"47":2,"48":2,"49":1,"50":1,"51":1,"52":5,"53":5,"54":1},"f":{"0":65,"1":2,"2":1,"3":4,"4":2,"5":2,"6":1},"b":{"0":[0],"1":[40,25],"2":[2,6],"3":[1,3],"4":[18,18,16],"5":[8,8,7],"6":[10,10],"7":[5,5]},"_coverageSchema":"332fd63041d2c1bcb487cc26dd0d5f7d97098a6c","hash":"6362987ce0aaebf29bc469711719c60b7e14b043"}
,"/Users/jaredboice2/Documents/development/repos/list-runner/src/classes/CellDoubly.js": {"path":"/Users/jaredboice2/Documents/development/repos/list-runner/src/classes/CellDoubly.js","statementMap":{"0":{"start":{"line":6,"column":8},"end":{"line":6,"column":26}},"1":{"start":{"line":7,"column":8},"end":{"line":7,"column":25}},"2":{"start":{"line":10,"column":8},"end":{"line":10,"column":25}},"3":{"start":{"line":14,"column":8},"end":{"line":14,"column":25}}},"fnMap":{"0":{"name":"(anonymous_0)","decl":{"start":{"line":5,"column":4},"end":{"line":5,"column":5}},"loc":{"start":{"line":5,"column":55},"end":{"line":8,"column":5}},"line":5},"1":{"name":"(anonymous_1)","decl":{"start":{"line":9,"column":4},"end":{"line":9,"column":5}},"loc":{"start":{"line":9,"column":14},"end":{"line":11,"column":5}},"line":9},"2":{"name":"(anonymous_2)","decl":{"start":{"line":13,"column":4},"end":{"line":13,"column":5}},"loc":{"start":{"line":13,"column":17},"end":{"line":15,"column":5}},"line":13}},"branchMap":{"0":{"loc":{"start":{"line":5,"column":16},"end":{"line":5,"column":27}},"type":"default-arg","locations":[{"start":{"line":5,"column":23},"end":{"line":5,"column":27}}],"line":5},"1":{"loc":{"start":{"line":5,"column":29},"end":{"line":5,"column":40}},"type":"default-arg","locations":[{"start":{"line":5,"column":36},"end":{"line":5,"column":40}}],"line":5},"2":{"loc":{"start":{"line":5,"column":42},"end":{"line":5,"column":53}},"type":"default-arg","locations":[{"start":{"line":5,"column":49},"end":{"line":5,"column":53}}],"line":5}},"s":{"0":133,"1":133,"2":30,"3":136},"f":{"0":133,"1":30,"2":136},"b":{"0":[133],"1":[133],"2":[133]},"_coverageSchema":"332fd63041d2c1bcb487cc26dd0d5f7d97098a6c","hash":"2771250910162e4d697091b00452777031cdb809"}
,"/Users/jaredboice2/Documents/development/repos/list-runner/src/classes/CellSingly.js": {"path":"/Users/jaredboice2/Documents/development/repos/list-runner/src/classes/CellSingly.js","statementMap":{"0":{"start":{"line":5,"column":8},"end":{"line":5,"column":25}},"1":{"start":{"line":6,"column":8},"end":{"line":6,"column":25}},"2":{"start":{"line":10,"column":8},"end":{"line":10,"column":25}},"3":{"start":{"line":13,"column":8},"end":{"line":13,"column":25}}},"fnMap":{"0":{"name":"(anonymous_0)","decl":{"start":{"line":4,"column":4},"end":{"line":4,"column":5}},"loc":{"start":{"line":4,"column":42},"end":{"line":7,"column":5}},"line":4},"1":{"name":"(anonymous_1)","decl":{"start":{"line":9,"column":4},"end":{"line":9,"column":5}},"loc":{"start":{"line":9,"column":14},"end":{"line":11,"column":5}},"line":9},"2":{"name":"(anonymous_2)","decl":{"start":{"line":12,"column":4},"end":{"line":12,"column":5}},"loc":{"start":{"line":12,"column":17},"end":{"line":14,"column":5}},"line":12}},"branchMap":{"0":{"loc":{"start":{"line":4,"column":16},"end":{"line":4,"column":27}},"type":"default-arg","locations":[{"start":{"line":4,"column":23},"end":{"line":4,"column":27}}],"line":4},"1":{"loc":{"start":{"line":4,"column":29},"end":{"line":4,"column":40}},"type":"default-arg","locations":[{"start":{"line":4,"column":36},"end":{"line":4,"column":40}}],"line":4}},"s":{"0":347,"1":347,"2":142,"3":448},"f":{"0":347,"1":142,"2":448},"b":{"0":[214],"1":[214]},"_coverageSchema":"332fd63041d2c1bcb487cc26dd0d5f7d97098a6c","hash":"a07626de60bb358d42cec062714b5d3b87422e23"}
,"/Users/jaredboice2/Documents/development/repos/list-runner/src/classes/SentinelDoubly.js": {"path":"/Users/jaredboice2/Documents/development/repos/list-runner/src/classes/SentinelDoubly.js","statementMap":{"0":{"start":{"line":6,"column":6},"end":{"line":6,"column":24}},"1":{"start":{"line":7,"column":6},"end":{"line":7,"column":23}},"2":{"start":{"line":10,"column":6},"end":{"line":10,"column":23}},"3":{"start":{"line":13,"column":6},"end":{"line":13,"column":23}}},"fnMap":{"0":{"name":"(anonymous_0)","decl":{"start":{"line":5,"column":4},"end":{"line":5,"column":5}},"loc":{"start":{"line":5,"column":59},"end":{"line":8,"column":5}},"line":5},"1":{"name":"(anonymous_1)","decl":{"start":{"line":9,"column":4},"end":{"line":9,"column":5}},"loc":{"start":{"line":9,"column":14},"end":{"line":11,"column":5}},"line":9},"2":{"name":"(anonymous_2)","decl":{"start":{"line":12,"column":4},"end":{"line":12,"column":5}},"loc":{"start":{"line":12,"column":18},"end":{"line":14,"column":5}},"line":12}},"branchMap":{"0":{"loc":{"start":{"line":5,"column":16},"end":{"line":5,"column":27}},"type":"default-arg","locations":[{"start":{"line":5,"column":23},"end":{"line":5,"column":27}}],"line":5},"1":{"loc":{"start":{"line":5,"column":29},"end":{"line":5,"column":40}},"type":"default-arg","locations":[{"start":{"line":5,"column":36},"end":{"line":5,"column":40}}],"line":5},"2":{"loc":{"start":{"line":5,"column":42},"end":{"line":5,"column":57}},"type":"default-arg","locations":[{"start":{"line":5,"column":49},"end":{"line":5,"column":57}}],"line":5}},"s":{"0":51,"1":51,"2":29,"3":56},"f":{"0":51,"1":29,"2":56},"b":{"0":[26],"1":[51],"2":[51]},"_coverageSchema":"332fd63041d2c1bcb487cc26dd0d5f7d97098a6c","hash":"716c2d85fa866638c2a0a5e38d256cf01f57ef78"}
,"/Users/jaredboice2/Documents/development/repos/list-runner/src/classes/SentinelSingly.js": {"path":"/Users/jaredboice2/Documents/development/repos/list-runner/src/classes/SentinelSingly.js","statementMap":{"0":{"start":{"line":5,"column":6},"end":{"line":5,"column":23}},"1":{"start":{"line":6,"column":6},"end":{"line":6,"column":23}},"2":{"start":{"line":9,"column":6},"end":{"line":9,"column":23}},"3":{"start":{"line":12,"column":6},"end":{"line":12,"column":23}}},"fnMap":{"0":{"name":"(anonymous_0)","decl":{"start":{"line":4,"column":4},"end":{"line":4,"column":5}},"loc":{"start":{"line":4,"column":46},"end":{"line":7,"column":5}},"line":4},"1":{"name":"(anonymous_1)","decl":{"start":{"line":8,"column":4},"end":{"line":8,"column":5}},"loc":{"start":{"line":8,"column":14},"end":{"line":10,"column":5}},"line":8},"2":{"name":"(anonymous_2)","decl":{"start":{"line":11,"column":4},"end":{"line":11,"column":5}},"loc":{"start":{"line":11,"column":18},"end":{"line":13,"column":5}},"line":11}},"branchMap":{"0":{"loc":{"start":{"line":4,"column":16},"end":{"line":4,"column":27}},"type":"default-arg","locations":[{"start":{"line":4,"column":23},"end":{"line":4,"column":27}}],"line":4},"1":{"loc":{"start":{"line":4,"column":29},"end":{"line":4,"column":44}},"type":"default-arg","locations":[{"start":{"line":4,"column":36},"end":{"line":4,"column":44}}],"line":4}},"s":{"0":133,"1":133,"2":92,"3":16},"f":{"0":133,"1":92,"2":16},"b":{"0":[42],"1":[82]},"_coverageSchema":"332fd63041d2c1bcb487cc26dd0d5f7d97098a6c","hash":"289738db8afc905725bcd5184f09c08cadcb248b"}
,"/Users/jaredboice2/Documents/development/repos/list-runner/src/classes/StemDoubly.js": {"path":"/Users/jaredboice2/Documents/development/repos/list-runner/src/classes/StemDoubly.js","statementMap":{"0":{"start":{"line":14,"column":6},"end":{"line":14,"column":34}},"1":{"start":{"line":15,"column":6},"end":{"line":15,"column":38}},"2":{"start":{"line":16,"column":6},"end":{"line":16,"column":38}},"3":{"start":{"line":17,"column":6},"end":{"line":17,"column":38}},"4":{"start":{"line":22,"column":6},"end":{"line":22,"column":41}},"5":{"start":{"line":32,"column":6},"end":{"line":34,"column":7}},"6":{"start":{"line":33,"column":8},"end":{"line":33,"column":49}},"7":{"start":{"line":35,"column":6},"end":{"line":37,"column":7}},"8":{"start":{"line":36,"column":8},"end":{"line":36,"column":49}},"9":{"start":{"line":38,"column":28},"end":{"line":38,"column":44}},"10":{"start":{"line":39,"column":6},"end":{"line":39,"column":54}},"11":{"start":{"line":40,"column":6},"end":{"line":40,"column":54}},"12":{"start":{"line":45,"column":6},"end":{"line":45,"column":27}},"13":{"start":{"line":46,"column":6},"end":{"line":46,"column":27}},"14":{"start":{"line":51,"column":6},"end":{"line":51,"column":27}},"15":{"start":{"line":64,"column":6},"end":{"line":66,"column":7}},"16":{"start":{"line":65,"column":8},"end":{"line":65,"column":21}},"17":{"start":{"line":67,"column":6},"end":{"line":67,"column":85}},"18":{"start":{"line":68,"column":6},"end":{"line":68,"column":18}},"19":{"start":{"line":79,"column":31},"end":{"line":79,"column":54}},"20":{"start":{"line":80,"column":6},"end":{"line":82,"column":7}},"21":{"start":{"line":81,"column":8},"end":{"line":81,"column":21}},"22":{"start":{"line":84,"column":6},"end":{"line":84,"column":52}},"23":{"start":{"line":85,"column":6},"end":{"line":85,"column":30}},"24":{"start":{"line":96,"column":6},"end":{"line":96,"column":60}},"25":{"start":{"line":106,"column":6},"end":{"line":106,"column":65}},"26":{"start":{"line":117,"column":6},"end":{"line":117,"column":50}},"27":{"start":{"line":127,"column":6},"end":{"line":127,"column":45}},"28":{"start":{"line":139,"column":21},"end":{"line":139,"column":50}},"29":{"start":{"line":141,"column":6},"end":{"line":143,"column":7}},"30":{"start":{"line":142,"column":8},"end":{"line":142,"column":21}},"31":{"start":{"line":144,"column":6},"end":{"line":144,"column":85}},"32":{"start":{"line":145,"column":6},"end":{"line":145,"column":18}},"33":{"start":{"line":156,"column":6},"end":{"line":158,"column":7}},"34":{"start":{"line":157,"column":8},"end":{"line":157,"column":21}},"35":{"start":{"line":159,"column":26},"end":{"line":159,"column":46}},"36":{"start":{"line":160,"column":6},"end":{"line":160,"column":36}},"37":{"start":{"line":161,"column":6},"end":{"line":161,"column":36}},"38":{"start":{"line":162,"column":6},"end":{"line":162,"column":38}},"39":{"start":{"line":163,"column":6},"end":{"line":163,"column":18}}},"fnMap":{"0":{"name":"(anonymous_0)","decl":{"start":{"line":13,"column":4},"end":{"line":13,"column":5}},"loc":{"start":{"line":13,"column":21},"end":{"line":18,"column":5}},"line":13},"1":{"name":"(anonymous_1)","decl":{"start":{"line":21,"column":4},"end":{"line":21,"column":5}},"loc":{"start":{"line":21,"column":13},"end":{"line":23,"column":5}},"line":21},"2":{"name":"(anonymous_2)","decl":{"start":{"line":30,"column":4},"end":{"line":30,"column":5}},"loc":{"start":{"line":30,"column":20},"end":{"line":41,"column":5}},"line":30},"3":{"name":"(anonymous_3)","decl":{"start":{"line":44,"column":4},"end":{"line":44,"column":5}},"loc":{"start":{"line":44,"column":38},"end":{"line":47,"column":5}},"line":44},"4":{"name":"(anonymous_4)","decl":{"start":{"line":50,"column":4},"end":{"line":50,"column":5}},"loc":{"start":{"line":50,"column":28},"end":{"line":52,"column":5}},"line":50},"5":{"name":"(anonymous_5)","decl":{"start":{"line":62,"column":4},"end":{"line":62,"column":5}},"loc":{"start":{"line":62,"column":27},"end":{"line":69,"column":5}},"line":62},"6":{"name":"(anonymous_6)","decl":{"start":{"line":78,"column":4},"end":{"line":78,"column":5}},"loc":{"start":{"line":78,"column":21},"end":{"line":86,"column":5}},"line":78},"7":{"name":"(anonymous_7)","decl":{"start":{"line":95,"column":4},"end":{"line":95,"column":5}},"loc":{"start":{"line":95,"column":15},"end":{"line":97,"column":5}},"line":95},"8":{"name":"(anonymous_8)","decl":{"start":{"line":105,"column":4},"end":{"line":105,"column":5}},"loc":{"start":{"line":105,"column":10},"end":{"line":107,"column":5}},"line":105},"9":{"name":"(anonymous_9)","decl":{"start":{"line":116,"column":4},"end":{"line":116,"column":5}},"loc":{"start":{"line":116,"column":19},"end":{"line":118,"column":5}},"line":116},"10":{"name":"(anonymous_10)","decl":{"start":{"line":126,"column":4},"end":{"line":126,"column":5}},"loc":{"start":{"line":126,"column":12},"end":{"line":128,"column":5}},"line":126},"11":{"name":"(anonymous_11)","decl":{"start":{"line":138,"column":4},"end":{"line":138,"column":5}},"loc":{"start":{"line":138,"column":28},"end":{"line":146,"column":5}},"line":138},"12":{"name":"(anonymous_12)","decl":{"start":{"line":155,"column":4},"end":{"line":155,"column":5}},"loc":{"start":{"line":155,"column":21},"end":{"line":164,"column":5}},"line":155}},"branchMap":{"0":{"loc":{"start":{"line":64,"column":6},"end":{"line":66,"column":7}},"type":"if","locations":[{"start":{"line":64,"column":6},"end":{"line":66,"column":7}},{"start":{"line":64,"column":6},"end":{"line":66,"column":7}}],"line":64},"1":{"loc":{"start":{"line":80,"column":6},"end":{"line":82,"column":7}},"type":"if","locations":[{"start":{"line":80,"column":6},"end":{"line":82,"column":7}},{"start":{"line":80,"column":6},"end":{"line":82,"column":7}}],"line":80},"2":{"loc":{"start":{"line":141,"column":6},"end":{"line":143,"column":7}},"type":"if","locations":[{"start":{"line":141,"column":6},"end":{"line":143,"column":7}},{"start":{"line":141,"column":6},"end":{"line":143,"column":7}}],"line":141},"3":{"loc":{"start":{"line":156,"column":6},"end":{"line":158,"column":7}},"type":"if","locations":[{"start":{"line":156,"column":6},"end":{"line":158,"column":7}},{"start":{"line":156,"column":6},"end":{"line":158,"column":7}}],"line":156},"4":{"loc":{"start":{"line":156,"column":9},"end":{"line":156,"column":73}},"type":"binary-expr","locations":[{"start":{"line":156,"column":9},"end":{"line":156,"column":39}},{"start":{"line":156,"column":43},"end":{"line":156,"column":73}}],"line":156}},"s":{"0":25,"1":25,"2":25,"3":25,"4":26,"5":25,"6":100,"7":25,"8":100,"9":25,"10":25,"11":25,"12":6,"13":6,"14":4,"15":5,"16":1,"17":4,"18":4,"19":6,"20":6,"21":2,"22":4,"23":4,"24":1,"25":1,"26":1,"27":1,"28":3,"29":3,"30":1,"31":2,"32":2,"33":1,"34":0,"35":1,"36":1,"37":1,"38":1,"39":1},"f":{"0":25,"1":26,"2":25,"3":6,"4":4,"5":5,"6":6,"7":1,"8":1,"9":1,"10":1,"11":3,"12":1},"b":{"0":[1,4],"1":[2,4],"2":[1,2],"3":[0,1],"4":[1,1]},"_coverageSchema":"332fd63041d2c1bcb487cc26dd0d5f7d97098a6c","hash":"295224d15e21b82d525274f542ceda88a618ab67"}
,"/Users/jaredboice2/Documents/development/repos/list-runner/src/classes/StemSingly.js": {"path":"/Users/jaredboice2/Documents/development/repos/list-runner/src/classes/StemSingly.js","statementMap":{"0":{"start":{"line":12,"column":6},"end":{"line":12,"column":45}},"1":{"start":{"line":13,"column":6},"end":{"line":13,"column":41}},"2":{"start":{"line":14,"column":6},"end":{"line":14,"column":38}},"3":{"start":{"line":19,"column":6},"end":{"line":19,"column":41}},"4":{"start":{"line":29,"column":6},"end":{"line":31,"column":7}},"5":{"start":{"line":30,"column":8},"end":{"line":30,"column":49}},"6":{"start":{"line":32,"column":28},"end":{"line":32,"column":44}},"7":{"start":{"line":33,"column":7},"end":{"line":33,"column":55}},"8":{"start":{"line":38,"column":6},"end":{"line":38,"column":27}},"9":{"start":{"line":39,"column":6},"end":{"line":39,"column":27}},"10":{"start":{"line":44,"column":6},"end":{"line":44,"column":27}},"11":{"start":{"line":57,"column":6},"end":{"line":59,"column":7}},"12":{"start":{"line":58,"column":8},"end":{"line":58,"column":21}},"13":{"start":{"line":60,"column":6},"end":{"line":60,"column":61}},"14":{"start":{"line":61,"column":6},"end":{"line":61,"column":18}},"15":{"start":{"line":72,"column":6},"end":{"line":74,"column":7}},"16":{"start":{"line":73,"column":8},"end":{"line":73,"column":21}},"17":{"start":{"line":75,"column":31},"end":{"line":75,"column":49}},"18":{"start":{"line":76,"column":6},"end":{"line":76,"column":62}},"19":{"start":{"line":77,"column":6},"end":{"line":77,"column":30}},"20":{"start":{"line":88,"column":6},"end":{"line":88,"column":50}},"21":{"start":{"line":98,"column":6},"end":{"line":98,"column":45}},"22":{"start":{"line":111,"column":6},"end":{"line":113,"column":7}},"23":{"start":{"line":112,"column":8},"end":{"line":112,"column":21}},"24":{"start":{"line":114,"column":6},"end":{"line":114,"column":71}},"25":{"start":{"line":115,"column":6},"end":{"line":115,"column":18}},"26":{"start":{"line":126,"column":6},"end":{"line":128,"column":7}},"27":{"start":{"line":127,"column":8},"end":{"line":127,"column":21}},"28":{"start":{"line":129,"column":26},"end":{"line":129,"column":46}},"29":{"start":{"line":130,"column":6},"end":{"line":130,"column":36}},"30":{"start":{"line":131,"column":6},"end":{"line":131,"column":38}},"31":{"start":{"line":132,"column":6},"end":{"line":132,"column":18}}},"fnMap":{"0":{"name":"(anonymous_0)","decl":{"start":{"line":11,"column":4},"end":{"line":11,"column":5}},"loc":{"start":{"line":11,"column":48},"end":{"line":15,"column":5}},"line":11},"1":{"name":"(anonymous_1)","decl":{"start":{"line":18,"column":4},"end":{"line":18,"column":5}},"loc":{"start":{"line":18,"column":13},"end":{"line":20,"column":5}},"line":18},"2":{"name":"(anonymous_2)","decl":{"start":{"line":27,"column":4},"end":{"line":27,"column":5}},"loc":{"start":{"line":27,"column":20},"end":{"line":34,"column":5}},"line":27},"3":{"name":"(anonymous_3)","decl":{"start":{"line":37,"column":4},"end":{"line":37,"column":5}},"loc":{"start":{"line":37,"column":38},"end":{"line":40,"column":5}},"line":37},"4":{"name":"(anonymous_4)","decl":{"start":{"line":43,"column":4},"end":{"line":43,"column":5}},"loc":{"start":{"line":43,"column":28},"end":{"line":45,"column":5}},"line":43},"5":{"name":"(anonymous_5)","decl":{"start":{"line":55,"column":4},"end":{"line":55,"column":5}},"loc":{"start":{"line":55,"column":27},"end":{"line":62,"column":5}},"line":55},"6":{"name":"(anonymous_6)","decl":{"start":{"line":71,"column":4},"end":{"line":71,"column":5}},"loc":{"start":{"line":71,"column":21},"end":{"line":78,"column":5}},"line":71},"7":{"name":"(anonymous_7)","decl":{"start":{"line":87,"column":4},"end":{"line":87,"column":5}},"loc":{"start":{"line":87,"column":19},"end":{"line":89,"column":5}},"line":87},"8":{"name":"(anonymous_8)","decl":{"start":{"line":97,"column":4},"end":{"line":97,"column":5}},"loc":{"start":{"line":97,"column":12},"end":{"line":99,"column":5}},"line":97},"9":{"name":"(anonymous_9)","decl":{"start":{"line":109,"column":4},"end":{"line":109,"column":5}},"loc":{"start":{"line":109,"column":28},"end":{"line":116,"column":5}},"line":109},"10":{"name":"(anonymous_10)","decl":{"start":{"line":125,"column":4},"end":{"line":125,"column":5}},"loc":{"start":{"line":125,"column":21},"end":{"line":133,"column":5}},"line":125}},"branchMap":{"0":{"loc":{"start":{"line":11,"column":22},"end":{"line":11,"column":47}},"type":"default-arg","locations":[{"start":{"line":11,"column":33},"end":{"line":11,"column":47}}],"line":11},"1":{"loc":{"start":{"line":57,"column":6},"end":{"line":59,"column":7}},"type":"if","locations":[{"start":{"line":57,"column":6},"end":{"line":59,"column":7}},{"start":{"line":57,"column":6},"end":{"line":59,"column":7}}],"line":57},"2":{"loc":{"start":{"line":72,"column":6},"end":{"line":74,"column":7}},"type":"if","locations":[{"start":{"line":72,"column":6},"end":{"line":74,"column":7}},{"start":{"line":72,"column":6},"end":{"line":74,"column":7}}],"line":72},"3":{"loc":{"start":{"line":72,"column":9},"end":{"line":72,"column":83}},"type":"binary-expr","locations":[{"start":{"line":72,"column":9},"end":{"line":72,"column":39}},{"start":{"line":72,"column":43},"end":{"line":72,"column":83}}],"line":72},"4":{"loc":{"start":{"line":111,"column":6},"end":{"line":113,"column":7}},"type":"if","locations":[{"start":{"line":111,"column":6},"end":{"line":113,"column":7}},{"start":{"line":111,"column":6},"end":{"line":113,"column":7}}],"line":111},"5":{"loc":{"start":{"line":111,"column":9},"end":{"line":111,"column":83}},"type":"binary-expr","locations":[{"start":{"line":111,"column":9},"end":{"line":111,"column":39}},{"start":{"line":111,"column":43},"end":{"line":111,"column":83}}],"line":111},"6":{"loc":{"start":{"line":126,"column":6},"end":{"line":128,"column":7}},"type":"if","locations":[{"start":{"line":126,"column":6},"end":{"line":128,"column":7}},{"start":{"line":126,"column":6},"end":{"line":128,"column":7}}],"line":126},"7":{"loc":{"start":{"line":126,"column":9},"end":{"line":126,"column":73}},"type":"binary-expr","locations":[{"start":{"line":126,"column":9},"end":{"line":126,"column":39}},{"start":{"line":126,"column":43},"end":{"line":126,"column":73}}],"line":126}},"s":{"0":65,"1":65,"2":65,"3":52,"4":40,"5":160,"6":40,"7":40,"8":18,"9":18,"10":10,"11":13,"12":3,"13":10,"14":10,"15":16,"16":6,"17":10,"18":10,"19":10,"20":2,"21":2,"22":12,"23":4,"24":8,"25":8,"26":2,"27":0,"28":2,"29":2,"30":2,"31":2},"f":{"0":65,"1":52,"2":40,"3":18,"4":10,"5":13,"6":16,"7":2,"8":2,"9":12,"10":2},"b":{"0":[40],"1":[3,10],"2":[6,10],"3":[16,13],"4":[4,8],"5":[12,12],"6":[0,2],"7":[2,2]},"_coverageSchema":"332fd63041d2c1bcb487cc26dd0d5f7d97098a6c","hash":"3eeb78f6e36777af53119d5f700f648a44f3ddbf"}
}
