TN:
SF:/Users/jaredboice2/Documents/development/repos/list-runner/src/constants.js
FNF:0
FNH:0
DA:1,2
DA:2,2
DA:3,2
DA:4,2
LF:4
LH:4
BRF:0
BRH:0
end_of_record
TN:
SF:/Users/jaredboice2/Documents/development/repos/list-runner/src/index.js
FNF:0
FNH:0
DA:1,0
DA:10,0
LF:2
LH:0
BRF:0
BRH:0
end_of_record
TN:
SF:/Users/jaredboice2/Documents/development/repos/list-runner/src/sidekick.js
FN:12,(anonymous_0)
FN:34,(anonymous_1)
FN:52,(anonymous_2)
FN:71,(anonymous_3)
FN:89,(anonymous_4)
FN:105,(anonymous_5)
FN:122,(anonymous_6)
FNF:7
FNH:7
FNDA:65,(anonymous_0)
FNDA:2,(anonymous_1)
FNDA:1,(anonymous_2)
FNDA:4,(anonymous_3)
FNDA:2,(anonymous_4)
FNDA:2,(anonymous_5)
FNDA:1,(anonymous_6)
DA:12,2
DA:14,65
DA:16,40
DA:17,40
DA:19,25
DA:20,25
DA:22,65
DA:23,65
DA:24,65
DA:34,2
DA:35,2
DA:36,2
DA:37,2
DA:38,8
DA:39,8
DA:40,6
DA:42,0
DA:52,2
DA:53,1
DA:54,1
DA:55,1
DA:56,4
DA:57,4
DA:58,3
DA:60,0
DA:71,2
DA:72,4
DA:73,4
DA:74,4
DA:75,18
DA:76,18
DA:78,4
DA:89,2
DA:90,2
DA:91,2
DA:92,2
DA:93,8
DA:94,8
DA:96,2
DA:105,2
DA:106,2
DA:107,2
DA:108,2
DA:109,10
DA:110,10
DA:113,2
DA:122,2
DA:123,1
DA:124,1
DA:125,1
DA:126,5
DA:127,5
DA:130,1
LF:53
LH:51
BRDA:12,0,0,0
BRDA:14,1,0,40
BRDA:14,1,1,25
BRDA:39,2,0,2
BRDA:39,2,1,6
BRDA:57,3,0,1
BRDA:57,3,1,3
BRDA:77,4,0,18
BRDA:77,4,1,18
BRDA:77,4,2,16
BRDA:95,5,0,8
BRDA:95,5,1,8
BRDA:95,5,2,7
BRDA:112,6,0,10
BRDA:112,6,1,10
BRDA:129,7,0,5
BRDA:129,7,1,5
BRF:17
BRH:16
end_of_record
TN:
SF:/Users/jaredboice2/Documents/development/repos/list-runner/src/classes/CellDoubly.js
FN:5,(anonymous_0)
FN:9,(anonymous_1)
FN:13,(anonymous_2)
FNF:3
FNH:3
FNDA:133,(anonymous_0)
FNDA:30,(anonymous_1)
FNDA:136,(anonymous_2)
DA:6,133
DA:7,133
DA:10,30
DA:14,136
LF:4
LH:4
BRDA:5,0,0,133
BRDA:5,1,0,133
BRDA:5,2,0,133
BRF:3
BRH:3
end_of_record
TN:
SF:/Users/jaredboice2/Documents/development/repos/list-runner/src/classes/CellSingly.js
FN:4,(anonymous_0)
FN:9,(anonymous_1)
FN:12,(anonymous_2)
FNF:3
FNH:3
FNDA:347,(anonymous_0)
FNDA:142,(anonymous_1)
FNDA:448,(anonymous_2)
DA:5,347
DA:6,347
DA:10,142
DA:13,448
LF:4
LH:4
BRDA:4,0,0,214
BRDA:4,1,0,214
BRF:2
BRH:2
end_of_record
TN:
SF:/Users/jaredboice2/Documents/development/repos/list-runner/src/classes/SentinelDoubly.js
FN:5,(anonymous_0)
FN:9,(anonymous_1)
FN:12,(anonymous_2)
FNF:3
FNH:3
FNDA:51,(anonymous_0)
FNDA:29,(anonymous_1)
FNDA:56,(anonymous_2)
DA:6,51
DA:7,51
DA:10,29
DA:13,56
LF:4
LH:4
BRDA:5,0,0,26
BRDA:5,1,0,51
BRDA:5,2,0,51
BRF:3
BRH:3
end_of_record
TN:
SF:/Users/jaredboice2/Documents/development/repos/list-runner/src/classes/SentinelSingly.js
FN:4,(anonymous_0)
FN:8,(anonymous_1)
FN:11,(anonymous_2)
FNF:3
FNH:3
FNDA:133,(anonymous_0)
FNDA:92,(anonymous_1)
FNDA:16,(anonymous_2)
DA:5,133
DA:6,133
DA:9,92
DA:12,16
LF:4
LH:4
BRDA:4,0,0,42
BRDA:4,1,0,82
BRF:2
BRH:2
end_of_record
TN:
SF:/Users/jaredboice2/Documents/development/repos/list-runner/src/classes/StemDoubly.js
FN:13,(anonymous_0)
FN:21,(anonymous_1)
FN:30,(anonymous_2)
FN:44,(anonymous_3)
FN:50,(anonymous_4)
FN:62,(anonymous_5)
FN:78,(anonymous_6)
FN:95,(anonymous_7)
FN:105,(anonymous_8)
FN:116,(anonymous_9)
FN:126,(anonymous_10)
FN:138,(anonymous_11)
FN:155,(anonymous_12)
FNF:13
FNH:13
FNDA:25,(anonymous_0)
FNDA:26,(anonymous_1)
FNDA:25,(anonymous_2)
FNDA:6,(anonymous_3)
FNDA:4,(anonymous_4)
FNDA:5,(anonymous_5)
FNDA:6,(anonymous_6)
FNDA:1,(anonymous_7)
FNDA:1,(anonymous_8)
FNDA:1,(anonymous_9)
FNDA:1,(anonymous_10)
FNDA:3,(anonymous_11)
FNDA:1,(anonymous_12)
DA:14,25
DA:15,25
DA:16,25
DA:17,25
DA:22,26
DA:32,25
DA:33,100
DA:35,25
DA:36,100
DA:38,25
DA:39,25
DA:40,25
DA:45,6
DA:46,6
DA:51,4
DA:64,5
DA:65,1
DA:67,4
DA:68,4
DA:79,6
DA:80,6
DA:81,2
DA:84,4
DA:85,4
DA:96,1
DA:106,1
DA:117,1
DA:127,1
DA:139,3
DA:141,3
DA:142,1
DA:144,2
DA:145,2
DA:156,1
DA:157,0
DA:159,1
DA:160,1
DA:161,1
DA:162,1
DA:163,1
LF:40
LH:39
BRDA:64,0,0,1
BRDA:64,0,1,4
BRDA:80,1,0,2
BRDA:80,1,1,4
BRDA:141,2,0,1
BRDA:141,2,1,2
BRDA:156,3,0,0
BRDA:156,3,1,1
BRDA:156,4,0,1
BRDA:156,4,1,1
BRF:10
BRH:9
end_of_record
TN:
SF:/Users/jaredboice2/Documents/development/repos/list-runner/src/classes/StemSingly.js
FN:11,(anonymous_0)
FN:18,(anonymous_1)
FN:27,(anonymous_2)
FN:37,(anonymous_3)
FN:43,(anonymous_4)
FN:55,(anonymous_5)
FN:71,(anonymous_6)
FN:87,(anonymous_7)
FN:97,(anonymous_8)
FN:109,(anonymous_9)
FN:125,(anonymous_10)
FNF:11
FNH:11
FNDA:65,(anonymous_0)
FNDA:52,(anonymous_1)
FNDA:40,(anonymous_2)
FNDA:18,(anonymous_3)
FNDA:10,(anonymous_4)
FNDA:13,(anonymous_5)
FNDA:16,(anonymous_6)
FNDA:2,(anonymous_7)
FNDA:2,(anonymous_8)
FNDA:12,(anonymous_9)
FNDA:2,(anonymous_10)
DA:12,65
DA:13,65
DA:14,65
DA:19,52
DA:29,40
DA:30,160
DA:32,40
DA:33,40
DA:38,18
DA:39,18
DA:44,10
DA:57,13
DA:58,3
DA:60,10
DA:61,10
DA:72,16
DA:73,6
DA:75,10
DA:76,10
DA:77,10
DA:88,2
DA:98,2
DA:111,12
DA:112,4
DA:114,8
DA:115,8
DA:126,2
DA:127,0
DA:129,2
DA:130,2
DA:131,2
DA:132,2
LF:32
LH:31
BRDA:11,0,0,40
BRDA:57,1,0,3
BRDA:57,1,1,10
BRDA:72,2,0,6
BRDA:72,2,1,10
BRDA:72,3,0,16
BRDA:72,3,1,13
BRDA:111,4,0,4
BRDA:111,4,1,8
BRDA:111,5,0,12
BRDA:111,5,1,12
BRDA:126,6,0,0
BRDA:126,6,1,2
BRDA:126,7,0,2
BRDA:126,7,1,2
BRF:15
BRH:14
end_of_record
